<?xml version="1.0" encoding="UTF-8"?>
<testsuites name="SC 02 - Operation Float" time="90.882" tests="1" failures="0" errors="0">
   <testsuite name="SC 02 - Operation Float" tests="1" failures="0" errors="0" time="90.882" skipped="0" timestamp="2023-07-17 17:35:48" hostname="zaena - Zaenal_PC" id="Test Suites/SC 02 - Operation Float">
      <properties>
         <property name="deviceName" value="emulator-5554 (sdk_gphone_x86_64 - Android 13)"/>
         <property name="devicePlatform" value=""/>
         <property name="logFolder" value="C:\\Users\\zaena\\git\\MobileKatalon-Calculator\\Reports\\20230717_173546\\SC 02 - Operation Float\\20230717_173546"/>
         <property name="logFiles" value="C:\\Users\\zaena\\git\\MobileKatalon-Calculator\\Reports\\20230717_173546\\SC 02 - Operation Float\\20230717_173546\\appium.log, C:\\Users\\zaena\\git\\MobileKatalon-Calculator\\Reports\\20230717_173546\\SC 02 - Operation Float\\20230717_173546\\execution0.log"/>
         <property name="attachments" value=""/>
         <property name="hostName" value="zaena - Zaenal_PC"/>
         <property name="os" value="Windows 10 64bit"/>
         <property name="appiumServerStatus" value="{&quot;value&quot;:{&quot;build&quot;:{&quot;version&quot;:&quot;1.22.0&quot;}},&quot;sessionId&quot;:null,&quot;status&quot;:0}"/>
         <property name="katalonVersion" value="8.6.0.208"/>
         <property name="deviceOS" value="Android"/>
         <property name="appiumVersion" value="1.22.0"/>
         <property name="deviceModel" value="sdk_gphone_x86_64"/>
         <property name="hostAddress" value="192.168.79.26"/>
         <property name="deviceManufacturer" value="Google"/>
         <property name="deviceId" value="emulator-5554"/>
         <property name="deviceName" value="emulator-5554 (sdk_gphone_x86_64 - Android 13)"/>
         <property name="deviceOSVersion" value="13"/>
      </properties>
      <testcase name="Test Cases/SC02 - Operations with Float Numbers/TC005 - Decimal Operation - Multiplication" time="90.714" classname="Test Cases/SC02 - Operations with Float Numbers/TC005 - Decimal Operation - Multiplication" status="PASSED">
         <system-out><![CDATA[2023-07-17 17:35:48 - [TEST_CASE][PASSED] - Test Cases/SC02 - Operations with Float Numbers/TC005 - Decimal Operation - Multiplication: Test Cases/SC02 - Operations with Float Numbers/TC005 - Decimal Operation - Multiplication

2023-07-17 17:35:48 - [TEST_STEP][PASSED] - startApplication("C:\Users\zaena\Desktop\Calculator_v8.1.apk", true): Started app at: 'C:\Users\zaena\Desktop\Calculator_v8.1.apk'

2023-07-17 17:35:48 - [MESSAGE][INFO] - Detected NodeJS location: "C:\Program Files\nodejs\node.exe"

2023-07-17 17:35:49 - [MESSAGE][INFO] - Appium server started on port 61,283

2023-07-17 17:35:56 - [MESSAGE][PASSED] - Started app at: 'C:\Users\zaena\Desktop\Calculator_v8.1.apk'

2023-07-17 17:35:56 - [TEST_STEP][PASSED] - tap(findTestObject("Main Calc Button/android.widget.Button - 0"), 0): Tapped on element 'Object Repository/Main Calc Button/android.widget.Button - 0'

2023-07-17 17:35:56 - [MESSAGE][WARNING] - Timeout '0' is invalid. Using default page load timeout: '30'

2023-07-17 17:36:06 - [MESSAGE][PASSED] - Tapped on element 'Object Repository/Main Calc Button/android.widget.Button - 0'

2023-07-17 17:36:06 - [TEST_STEP][PASSED] - tap(findTestObject("Main Calc Button/Decimal Marker"), 0): Tapped on element 'Object Repository/Main Calc Button/Decimal Marker'

2023-07-17 17:36:07 - [MESSAGE][WARNING] - Timeout '0' is invalid. Using default page load timeout: '30'

2023-07-17 17:36:17 - [MESSAGE][PASSED] - Tapped on element 'Object Repository/Main Calc Button/Decimal Marker'

2023-07-17 17:36:17 - [TEST_STEP][PASSED] - tap(findTestObject("Main Calc Button/android.widget.Button - 2"), 0): Tapped on element 'Object Repository/Main Calc Button/android.widget.Button - 2'

2023-07-17 17:36:17 - [MESSAGE][WARNING] - Timeout '0' is invalid. Using default page load timeout: '30'

2023-07-17 17:36:27 - [MESSAGE][PASSED] - Tapped on element 'Object Repository/Main Calc Button/android.widget.Button - 2'

2023-07-17 17:36:27 - [TEST_STEP][PASSED] - tap(findTestObject("Main Calc Button/android.widget.Button - 8"), 0): Tapped on element 'Object Repository/Main Calc Button/android.widget.Button - 8'

2023-07-17 17:36:27 - [MESSAGE][WARNING] - Timeout '0' is invalid. Using default page load timeout: '30'

2023-07-17 17:36:37 - [MESSAGE][PASSED] - Tapped on element 'Object Repository/Main Calc Button/android.widget.Button - 8'

2023-07-17 17:36:37 - [TEST_STEP][PASSED] - tap(findTestObject("Main Calc Button/android.widget.Button - 5"), 0): Tapped on element 'Object Repository/Main Calc Button/android.widget.Button - 5'

2023-07-17 17:36:37 - [MESSAGE][WARNING] - Timeout '0' is invalid. Using default page load timeout: '30'

2023-07-17 17:36:47 - [MESSAGE][PASSED] - Tapped on element 'Object Repository/Main Calc Button/android.widget.Button - 5'

2023-07-17 17:36:47 - [TEST_STEP][PASSED] - tap(findTestObject("Main Calc Button/Buttton (Multiplication)"), 0): Tapped on element 'Object Repository/Main Calc Button/Buttton (Multiplication)'

2023-07-17 17:36:47 - [MESSAGE][WARNING] - Timeout '0' is invalid. Using default page load timeout: '30'

2023-07-17 17:36:57 - [MESSAGE][PASSED] - Tapped on element 'Object Repository/Main Calc Button/Buttton (Multiplication)'

2023-07-17 17:36:57 - [TEST_STEP][PASSED] - tap(findTestObject("Object Repository/Main Calc Button/android.widget.Button - 5"), 0): Tapped on element 'Object Repository/Main Calc Button/android.widget.Button - 5'

2023-07-17 17:36:57 - [MESSAGE][WARNING] - Timeout '0' is invalid. Using default page load timeout: '30'

2023-07-17 17:37:08 - [MESSAGE][PASSED] - Tapped on element 'Object Repository/Main Calc Button/android.widget.Button - 5'

2023-07-17 17:37:08 - [TEST_STEP][PASSED] - tap(findTestObject("Object Repository/Main Calc Button/Button Result"), 0): Tapped on element 'Object Repository/Main Calc Button/Button Result'

2023-07-17 17:37:08 - [MESSAGE][WARNING] - Timeout '0' is invalid. Using default page load timeout: '30'

2023-07-17 17:37:18 - [MESSAGE][PASSED] - Tapped on element 'Object Repository/Main Calc Button/Button Result'

2023-07-17 17:37:18 - [TEST_STEP][PASSED] - closeApplication(): Close app successfully

2023-07-17 17:37:18 - [MESSAGE][PASSED] - Close app successfully]]></system-out>
         <system-err><![CDATA[]]></system-err>
      </testcase>
      <system-out><![CDATA[2023-07-17 17:35:48 - [TEST_SUITE][PASSED] - SC 02 - Operation Float: Test Cases/SC02 - Operations with Float Numbers/TC005 - Decimal Operation - Multiplication]]></system-out>
      <system-err><![CDATA[]]></system-err>
   </testsuite>
</testsuites>
