<?xml version="1.0" encoding="UTF-8"?>
<testsuites name="SC 01 - Basic Operations Int" time="472.947" tests="4" failures="0" errors="0">
   <testsuite name="SC 01 - Basic Operations Int" tests="4" failures="0" errors="0" time="472.947" skipped="0" timestamp="2023-07-17 16:33:35" hostname="zaena - Zaenal_PC" id="Test Suites/SC 01 - Basic Operations Int">
      <properties>
         <property name="deviceName" value="emulator-5554 (sdk_gphone_x86_64 - Android 13)"/>
         <property name="devicePlatform" value=""/>
         <property name="logFolder" value="C:\\Users\\zaena\\git\\MobileKatalon-Calculator\\Reports\\20230717_163334\\SC 01 - Basic Operations Int\\20230717_163334"/>
         <property name="logFiles" value="C:\\Users\\zaena\\git\\MobileKatalon-Calculator\\Reports\\20230717_163334\\SC 01 - Basic Operations Int\\20230717_163334\\appium.log, C:\\Users\\zaena\\git\\MobileKatalon-Calculator\\Reports\\20230717_163334\\SC 01 - Basic Operations Int\\20230717_163334\\execution0.log"/>
         <property name="attachments" value=""/>
         <property name="hostName" value="zaena - Zaenal_PC"/>
         <property name="os" value="Windows 10 64bit"/>
         <property name="appiumServerStatus" value="{&quot;value&quot;:{&quot;build&quot;:{&quot;version&quot;:&quot;1.22.0&quot;}},&quot;sessionId&quot;:null,&quot;status&quot;:0}"/>
         <property name="katalonVersion" value="8.6.0.208"/>
         <property name="deviceOS" value="Android"/>
         <property name="appiumVersion" value="1.22.0"/>
         <property name="deviceModel" value="sdk_gphone_x86_64"/>
         <property name="hostAddress" value="192.168.79.26"/>
         <property name="deviceManufacturer" value="Google"/>
         <property name="deviceId" value="emulator-5554"/>
         <property name="deviceName" value="emulator-5554 (sdk_gphone_x86_64 - Android 13)"/>
         <property name="deviceOSVersion" value="13"/>
      </properties>
      <testcase name="Test Cases/SC01 - Basic Operations (int)/TC001 - Basic Operation - Additional (Int)" time="131.889" classname="Test Cases/SC01 - Basic Operations (int)/TC001 - Basic Operation - Additional (Int)" status="PASSED">
         <system-out><![CDATA[2023-07-17 16:33:36 - [TEST_CASE][PASSED] - Test Cases/SC01 - Basic Operations (int)/TC001 - Basic Operation - Additional (Int): Test Cases/SC01 - Basic Operations (int)/TC001 - Basic Operation - Additional (Int)

2023-07-17 16:33:36 - [TEST_STEP][PASSED] - startApplication("C:\Users\zaena\Desktop\Calculator_v8.1.apk", true): Started app at: 'C:\Users\zaena\Desktop\Calculator_v8.1.apk'

2023-07-17 16:33:36 - [MESSAGE][INFO] - Detected NodeJS location: "C:\Program Files\nodejs\node.exe"

2023-07-17 16:33:37 - [MESSAGE][INFO] - Appium server started on port 59,528

2023-07-17 16:33:44 - [MESSAGE][PASSED] - Started app at: 'C:\Users\zaena\Desktop\Calculator_v8.1.apk'

2023-07-17 16:33:44 - [TEST_STEP][PASSED] - tap(findTestObject("Object Repository/Main Calc Button/android.widget.Button - 1"), 0): Tapped on element 'Object Repository/Main Calc Button/android.widget.Button - 1'

2023-07-17 16:33:45 - [MESSAGE][WARNING] - Timeout '0' is invalid. Using default page load timeout: '30'

2023-07-17 16:33:55 - [MESSAGE][PASSED] - Tapped on element 'Object Repository/Main Calc Button/android.widget.Button - 1'

2023-07-17 16:33:55 - [TEST_STEP][PASSED] - tap(findTestObject("Object Repository/Main Calc Button/android.widget.Button - 2"), 0): Tapped on element 'Object Repository/Main Calc Button/android.widget.Button - 2'

2023-07-17 16:33:55 - [MESSAGE][WARNING] - Timeout '0' is invalid. Using default page load timeout: '30'

2023-07-17 16:34:05 - [MESSAGE][PASSED] - Tapped on element 'Object Repository/Main Calc Button/android.widget.Button - 2'

2023-07-17 16:34:05 - [TEST_STEP][PASSED] - tap(findTestObject("Object Repository/Main Calc Button/android.widget.Button - 3"), 0): Tapped on element 'Object Repository/Main Calc Button/android.widget.Button - 3'

2023-07-17 16:34:05 - [MESSAGE][WARNING] - Timeout '0' is invalid. Using default page load timeout: '30'

2023-07-17 16:34:15 - [MESSAGE][PASSED] - Tapped on element 'Object Repository/Main Calc Button/android.widget.Button - 3'

2023-07-17 16:34:15 - [TEST_STEP][PASSED] - tap(findTestObject("Object Repository/Main Calc Button/android.widget.Button - 4"), 0): Tapped on element 'Object Repository/Main Calc Button/android.widget.Button - 4'

2023-07-17 16:34:15 - [MESSAGE][WARNING] - Timeout '0' is invalid. Using default page load timeout: '30'

2023-07-17 16:34:25 - [MESSAGE][PASSED] - Tapped on element 'Object Repository/Main Calc Button/android.widget.Button - 4'

2023-07-17 16:34:25 - [TEST_STEP][PASSED] - tap(findTestObject("Object Repository/Main Calc Button/Button (additional operation)"), 0): Tapped on element 'Object Repository/Main Calc Button/Button (additional operation)'

2023-07-17 16:34:25 - [MESSAGE][WARNING] - Timeout '0' is invalid. Using default page load timeout: '30'

2023-07-17 16:34:36 - [MESSAGE][PASSED] - Tapped on element 'Object Repository/Main Calc Button/Button (additional operation)'

2023-07-17 16:34:36 - [TEST_STEP][PASSED] - tap(findTestObject("Object Repository/Main Calc Button/android.widget.Button - 5"), 0): Tapped on element 'Object Repository/Main Calc Button/android.widget.Button - 5'

2023-07-17 16:34:36 - [MESSAGE][WARNING] - Timeout '0' is invalid. Using default page load timeout: '30'

2023-07-17 16:34:46 - [MESSAGE][PASSED] - Tapped on element 'Object Repository/Main Calc Button/android.widget.Button - 5'

2023-07-17 16:34:46 - [TEST_STEP][PASSED] - tap(findTestObject("Object Repository/Main Calc Button/android.widget.Button - 6"), 0): Tapped on element 'Object Repository/Main Calc Button/android.widget.Button - 6'

2023-07-17 16:34:46 - [MESSAGE][WARNING] - Timeout '0' is invalid. Using default page load timeout: '30'

2023-07-17 16:34:56 - [MESSAGE][PASSED] - Tapped on element 'Object Repository/Main Calc Button/android.widget.Button - 6'

2023-07-17 16:34:56 - [TEST_STEP][PASSED] - tap(findTestObject("Object Repository/Main Calc Button/android.widget.Button - 7"), 0): Tapped on element 'Object Repository/Main Calc Button/android.widget.Button - 7'

2023-07-17 16:34:56 - [MESSAGE][WARNING] - Timeout '0' is invalid. Using default page load timeout: '30'

2023-07-17 16:35:06 - [MESSAGE][PASSED] - Tapped on element 'Object Repository/Main Calc Button/android.widget.Button - 7'

2023-07-17 16:35:06 - [TEST_STEP][PASSED] - tap(findTestObject("Object Repository/Main Calc Button/android.widget.Button - 8"), 0): Tapped on element 'Object Repository/Main Calc Button/android.widget.Button - 8'

2023-07-17 16:35:06 - [MESSAGE][WARNING] - Timeout '0' is invalid. Using default page load timeout: '30'

2023-07-17 16:35:16 - [MESSAGE][PASSED] - Tapped on element 'Object Repository/Main Calc Button/android.widget.Button - 8'

2023-07-17 16:35:16 - [TEST_STEP][PASSED] - tap(findTestObject("Object Repository/Main Calc Button/android.widget.Button - 9"), 0): Tapped on element 'Object Repository/Main Calc Button/android.widget.Button - 9'

2023-07-17 16:35:16 - [MESSAGE][WARNING] - Timeout '0' is invalid. Using default page load timeout: '30'

2023-07-17 16:35:26 - [MESSAGE][PASSED] - Tapped on element 'Object Repository/Main Calc Button/android.widget.Button - 9'

2023-07-17 16:35:26 - [TEST_STEP][PASSED] - tap(findTestObject("Object Repository/Main Calc Button/android.widget.Button - 0"), 0): Tapped on element 'Object Repository/Main Calc Button/android.widget.Button - 0'

2023-07-17 16:35:26 - [MESSAGE][WARNING] - Timeout '0' is invalid. Using default page load timeout: '30'

2023-07-17 16:35:37 - [MESSAGE][PASSED] - Tapped on element 'Object Repository/Main Calc Button/android.widget.Button - 0'

2023-07-17 16:35:37 - [TEST_STEP][PASSED] - tap(findTestObject("Object Repository/Main Calc Button/Button Result"), 0): Tapped on element 'Object Repository/Main Calc Button/Button Result'

2023-07-17 16:35:37 - [MESSAGE][WARNING] - Timeout '0' is invalid. Using default page load timeout: '30'

2023-07-17 16:35:47 - [MESSAGE][PASSED] - Tapped on element 'Object Repository/Main Calc Button/Button Result'

2023-07-17 16:35:47 - [TEST_STEP][PASSED] - closeApplication(): Close app successfully

2023-07-17 16:35:47 - [MESSAGE][PASSED] - Close app successfully]]></system-out>
         <system-err><![CDATA[]]></system-err>
      </testcase>
      <testcase name="Test Cases/SC01 - Basic Operations (int)/TC002 - Basic Operation - Substraction (Int)" time="130.241" classname="Test Cases/SC01 - Basic Operations (int)/TC002 - Basic Operation - Substraction (Int)" status="PASSED">
         <system-out><![CDATA[2023-07-17 16:35:47 - [TEST_CASE][PASSED] - Test Cases/SC01 - Basic Operations (int)/TC002 - Basic Operation - Substraction (Int): Test Cases/SC01 - Basic Operations (int)/TC002 - Basic Operation - Substraction (Int)

2023-07-17 16:35:48 - [TEST_STEP][PASSED] - startApplication("C:\Users\zaena\Desktop\Calculator_v8.1.apk", true): Started app at: 'C:\Users\zaena\Desktop\Calculator_v8.1.apk'

2023-07-17 16:35:48 - [MESSAGE][INFO] - Detected NodeJS location: "C:\Program Files\nodejs\node.exe"

2023-07-17 16:35:49 - [MESSAGE][INFO] - Appium server started on port 59,728

2023-07-17 16:35:54 - [MESSAGE][PASSED] - Started app at: 'C:\Users\zaena\Desktop\Calculator_v8.1.apk'

2023-07-17 16:35:54 - [TEST_STEP][PASSED] - tap(findTestObject("Object Repository/Main Calc Button/android.widget.Button - 1"), 0): Tapped on element 'Object Repository/Main Calc Button/android.widget.Button - 1'

2023-07-17 16:35:55 - [MESSAGE][WARNING] - Timeout '0' is invalid. Using default page load timeout: '30'

2023-07-17 16:36:05 - [MESSAGE][PASSED] - Tapped on element 'Object Repository/Main Calc Button/android.widget.Button - 1'

2023-07-17 16:36:05 - [TEST_STEP][PASSED] - tap(findTestObject("Object Repository/Main Calc Button/android.widget.Button - 2"), 0): Tapped on element 'Object Repository/Main Calc Button/android.widget.Button - 2'

2023-07-17 16:36:05 - [MESSAGE][WARNING] - Timeout '0' is invalid. Using default page load timeout: '30'

2023-07-17 16:36:15 - [MESSAGE][PASSED] - Tapped on element 'Object Repository/Main Calc Button/android.widget.Button - 2'

2023-07-17 16:36:15 - [TEST_STEP][PASSED] - tap(findTestObject("Object Repository/Main Calc Button/android.widget.Button - 3"), 0): Tapped on element 'Object Repository/Main Calc Button/android.widget.Button - 3'

2023-07-17 16:36:16 - [MESSAGE][WARNING] - Timeout '0' is invalid. Using default page load timeout: '30'

2023-07-17 16:36:26 - [MESSAGE][PASSED] - Tapped on element 'Object Repository/Main Calc Button/android.widget.Button - 3'

2023-07-17 16:36:26 - [TEST_STEP][PASSED] - tap(findTestObject("Object Repository/Main Calc Button/android.widget.Button - 4"), 0): Tapped on element 'Object Repository/Main Calc Button/android.widget.Button - 4'

2023-07-17 16:36:26 - [MESSAGE][WARNING] - Timeout '0' is invalid. Using default page load timeout: '30'

2023-07-17 16:36:36 - [MESSAGE][PASSED] - Tapped on element 'Object Repository/Main Calc Button/android.widget.Button - 4'

2023-07-17 16:36:36 - [TEST_STEP][PASSED] - tap(findTestObject("Main Calc Button/Button (Substraction)"), 0): Tapped on element 'Object Repository/Main Calc Button/Button (Substraction)'

2023-07-17 16:36:36 - [MESSAGE][WARNING] - Timeout '0' is invalid. Using default page load timeout: '30'

2023-07-17 16:36:46 - [MESSAGE][PASSED] - Tapped on element 'Object Repository/Main Calc Button/Button (Substraction)'

2023-07-17 16:36:46 - [TEST_STEP][PASSED] - tap(findTestObject("Object Repository/Main Calc Button/android.widget.Button - 5"), 0): Tapped on element 'Object Repository/Main Calc Button/android.widget.Button - 5'

2023-07-17 16:36:46 - [MESSAGE][WARNING] - Timeout '0' is invalid. Using default page load timeout: '30'

2023-07-17 16:36:56 - [MESSAGE][PASSED] - Tapped on element 'Object Repository/Main Calc Button/android.widget.Button - 5'

2023-07-17 16:36:56 - [TEST_STEP][PASSED] - tap(findTestObject("Object Repository/Main Calc Button/android.widget.Button - 6"), 0): Tapped on element 'Object Repository/Main Calc Button/android.widget.Button - 6'

2023-07-17 16:36:56 - [MESSAGE][WARNING] - Timeout '0' is invalid. Using default page load timeout: '30'

2023-07-17 16:37:06 - [MESSAGE][PASSED] - Tapped on element 'Object Repository/Main Calc Button/android.widget.Button - 6'

2023-07-17 16:37:06 - [TEST_STEP][PASSED] - tap(findTestObject("Object Repository/Main Calc Button/android.widget.Button - 7"), 0): Tapped on element 'Object Repository/Main Calc Button/android.widget.Button - 7'

2023-07-17 16:37:06 - [MESSAGE][WARNING] - Timeout '0' is invalid. Using default page load timeout: '30'

2023-07-17 16:37:16 - [MESSAGE][PASSED] - Tapped on element 'Object Repository/Main Calc Button/android.widget.Button - 7'

2023-07-17 16:37:16 - [TEST_STEP][PASSED] - tap(findTestObject("Object Repository/Main Calc Button/android.widget.Button - 8"), 0): Tapped on element 'Object Repository/Main Calc Button/android.widget.Button - 8'

2023-07-17 16:37:17 - [MESSAGE][WARNING] - Timeout '0' is invalid. Using default page load timeout: '30'

2023-07-17 16:37:27 - [MESSAGE][PASSED] - Tapped on element 'Object Repository/Main Calc Button/android.widget.Button - 8'

2023-07-17 16:37:27 - [TEST_STEP][PASSED] - tap(findTestObject("Object Repository/Main Calc Button/android.widget.Button - 9"), 0): Tapped on element 'Object Repository/Main Calc Button/android.widget.Button - 9'

2023-07-17 16:37:27 - [MESSAGE][WARNING] - Timeout '0' is invalid. Using default page load timeout: '30'

2023-07-17 16:37:37 - [MESSAGE][PASSED] - Tapped on element 'Object Repository/Main Calc Button/android.widget.Button - 9'

2023-07-17 16:37:37 - [TEST_STEP][PASSED] - tap(findTestObject("Object Repository/Main Calc Button/android.widget.Button - 0"), 0): Tapped on element 'Object Repository/Main Calc Button/android.widget.Button - 0'

2023-07-17 16:37:37 - [MESSAGE][WARNING] - Timeout '0' is invalid. Using default page load timeout: '30'

2023-07-17 16:37:47 - [MESSAGE][PASSED] - Tapped on element 'Object Repository/Main Calc Button/android.widget.Button - 0'

2023-07-17 16:37:47 - [TEST_STEP][PASSED] - tap(findTestObject("Object Repository/Main Calc Button/Button Result"), 0): Tapped on element 'Object Repository/Main Calc Button/Button Result'

2023-07-17 16:37:47 - [MESSAGE][WARNING] - Timeout '0' is invalid. Using default page load timeout: '30'

2023-07-17 16:37:57 - [MESSAGE][PASSED] - Tapped on element 'Object Repository/Main Calc Button/Button Result'

2023-07-17 16:37:57 - [TEST_STEP][PASSED] - closeApplication(): Close app successfully

2023-07-17 16:37:58 - [MESSAGE][PASSED] - Close app successfully]]></system-out>
         <system-err><![CDATA[]]></system-err>
      </testcase>
      <testcase name="Test Cases/SC01 - Basic Operations (int)/TC003 - Basic Operation - Multiplication (Int)" time="130.917" classname="Test Cases/SC01 - Basic Operations (int)/TC003 - Basic Operation - Multiplication (Int)" status="PASSED">
         <system-out><![CDATA[2023-07-17 16:37:58 - [TEST_CASE][PASSED] - Test Cases/SC01 - Basic Operations (int)/TC003 - Basic Operation - Multiplication (Int): Test Cases/SC01 - Basic Operations (int)/TC003 - Basic Operation - Multiplication (Int)

2023-07-17 16:37:58 - [TEST_STEP][PASSED] - startApplication("C:\Users\zaena\Desktop\Calculator_v8.1.apk", true): Started app at: 'C:\Users\zaena\Desktop\Calculator_v8.1.apk'

2023-07-17 16:37:58 - [MESSAGE][INFO] - Detected NodeJS location: "C:\Program Files\nodejs\node.exe"

2023-07-17 16:37:59 - [MESSAGE][INFO] - Appium server started on port 59,915

2023-07-17 16:38:05 - [MESSAGE][PASSED] - Started app at: 'C:\Users\zaena\Desktop\Calculator_v8.1.apk'

2023-07-17 16:38:05 - [TEST_STEP][PASSED] - tap(findTestObject("Object Repository/Main Calc Button/android.widget.Button - 1"), 0): Tapped on element 'Object Repository/Main Calc Button/android.widget.Button - 1'

2023-07-17 16:38:05 - [MESSAGE][WARNING] - Timeout '0' is invalid. Using default page load timeout: '30'

2023-07-17 16:38:16 - [MESSAGE][PASSED] - Tapped on element 'Object Repository/Main Calc Button/android.widget.Button - 1'

2023-07-17 16:38:16 - [TEST_STEP][PASSED] - tap(findTestObject("Object Repository/Main Calc Button/android.widget.Button - 2"), 0): Tapped on element 'Object Repository/Main Calc Button/android.widget.Button - 2'

2023-07-17 16:38:16 - [MESSAGE][WARNING] - Timeout '0' is invalid. Using default page load timeout: '30'

2023-07-17 16:38:26 - [MESSAGE][PASSED] - Tapped on element 'Object Repository/Main Calc Button/android.widget.Button - 2'

2023-07-17 16:38:26 - [TEST_STEP][PASSED] - tap(findTestObject("Object Repository/Main Calc Button/android.widget.Button - 3"), 0): Tapped on element 'Object Repository/Main Calc Button/android.widget.Button - 3'

2023-07-17 16:38:26 - [MESSAGE][WARNING] - Timeout '0' is invalid. Using default page load timeout: '30'

2023-07-17 16:38:36 - [MESSAGE][PASSED] - Tapped on element 'Object Repository/Main Calc Button/android.widget.Button - 3'

2023-07-17 16:38:36 - [TEST_STEP][PASSED] - tap(findTestObject("Object Repository/Main Calc Button/android.widget.Button - 4"), 0): Tapped on element 'Object Repository/Main Calc Button/android.widget.Button - 4'

2023-07-17 16:38:36 - [MESSAGE][WARNING] - Timeout '0' is invalid. Using default page load timeout: '30'

2023-07-17 16:38:46 - [MESSAGE][PASSED] - Tapped on element 'Object Repository/Main Calc Button/android.widget.Button - 4'

2023-07-17 16:38:46 - [TEST_STEP][PASSED] - tap(findTestObject("Main Calc Button/Buttton (Multiplication)"), 0): Tapped on element 'Object Repository/Main Calc Button/Buttton (Multiplication)'

2023-07-17 16:38:46 - [MESSAGE][WARNING] - Timeout '0' is invalid. Using default page load timeout: '30'

2023-07-17 16:38:56 - [MESSAGE][PASSED] - Tapped on element 'Object Repository/Main Calc Button/Buttton (Multiplication)'

2023-07-17 16:38:56 - [TEST_STEP][PASSED] - tap(findTestObject("Object Repository/Main Calc Button/android.widget.Button - 5"), 0): Tapped on element 'Object Repository/Main Calc Button/android.widget.Button - 5'

2023-07-17 16:38:57 - [MESSAGE][WARNING] - Timeout '0' is invalid. Using default page load timeout: '30'

2023-07-17 16:39:07 - [MESSAGE][PASSED] - Tapped on element 'Object Repository/Main Calc Button/android.widget.Button - 5'

2023-07-17 16:39:07 - [TEST_STEP][PASSED] - tap(findTestObject("Object Repository/Main Calc Button/android.widget.Button - 6"), 0): Tapped on element 'Object Repository/Main Calc Button/android.widget.Button - 6'

2023-07-17 16:39:07 - [MESSAGE][WARNING] - Timeout '0' is invalid. Using default page load timeout: '30'

2023-07-17 16:39:17 - [MESSAGE][PASSED] - Tapped on element 'Object Repository/Main Calc Button/android.widget.Button - 6'

2023-07-17 16:39:17 - [TEST_STEP][PASSED] - tap(findTestObject("Object Repository/Main Calc Button/android.widget.Button - 7"), 0): Tapped on element 'Object Repository/Main Calc Button/android.widget.Button - 7'

2023-07-17 16:39:17 - [MESSAGE][WARNING] - Timeout '0' is invalid. Using default page load timeout: '30'

2023-07-17 16:39:27 - [MESSAGE][PASSED] - Tapped on element 'Object Repository/Main Calc Button/android.widget.Button - 7'

2023-07-17 16:39:27 - [TEST_STEP][PASSED] - tap(findTestObject("Object Repository/Main Calc Button/android.widget.Button - 8"), 0): Tapped on element 'Object Repository/Main Calc Button/android.widget.Button - 8'

2023-07-17 16:39:27 - [MESSAGE][WARNING] - Timeout '0' is invalid. Using default page load timeout: '30'

2023-07-17 16:39:37 - [MESSAGE][PASSED] - Tapped on element 'Object Repository/Main Calc Button/android.widget.Button - 8'

2023-07-17 16:39:37 - [TEST_STEP][PASSED] - tap(findTestObject("Object Repository/Main Calc Button/android.widget.Button - 9"), 0): Tapped on element 'Object Repository/Main Calc Button/android.widget.Button - 9'

2023-07-17 16:39:37 - [MESSAGE][WARNING] - Timeout '0' is invalid. Using default page load timeout: '30'

2023-07-17 16:39:48 - [MESSAGE][PASSED] - Tapped on element 'Object Repository/Main Calc Button/android.widget.Button - 9'

2023-07-17 16:39:48 - [TEST_STEP][PASSED] - tap(findTestObject("Object Repository/Main Calc Button/android.widget.Button - 0"), 0): Tapped on element 'Object Repository/Main Calc Button/android.widget.Button - 0'

2023-07-17 16:39:48 - [MESSAGE][WARNING] - Timeout '0' is invalid. Using default page load timeout: '30'

2023-07-17 16:39:58 - [MESSAGE][PASSED] - Tapped on element 'Object Repository/Main Calc Button/android.widget.Button - 0'

2023-07-17 16:39:58 - [TEST_STEP][PASSED] - tap(findTestObject("Object Repository/Main Calc Button/Button Result"), 0): Tapped on element 'Object Repository/Main Calc Button/Button Result'

2023-07-17 16:39:58 - [MESSAGE][WARNING] - Timeout '0' is invalid. Using default page load timeout: '30'

2023-07-17 16:40:08 - [MESSAGE][PASSED] - Tapped on element 'Object Repository/Main Calc Button/Button Result'

2023-07-17 16:40:08 - [TEST_STEP][PASSED] - closeApplication(): Close app successfully

2023-07-17 16:40:09 - [MESSAGE][PASSED] - Close app successfully]]></system-out>
         <system-err><![CDATA[]]></system-err>
      </testcase>
      <testcase name="Test Cases/SC01 - Basic Operations (int)/TC004 - Basic Operation - Division (Int)" time="79.724" classname="Test Cases/SC01 - Basic Operations (int)/TC004 - Basic Operation - Division (Int)" status="PASSED">
         <system-out><![CDATA[2023-07-17 16:40:09 - [TEST_CASE][PASSED] - Test Cases/SC01 - Basic Operations (int)/TC004 - Basic Operation - Division (Int): Test Cases/SC01 - Basic Operations (int)/TC004 - Basic Operation - Division (Int)

2023-07-17 16:40:09 - [TEST_STEP][PASSED] - startApplication("C:\Users\zaena\Desktop\Calculator_v8.1.apk", true): Started app at: 'C:\Users\zaena\Desktop\Calculator_v8.1.apk'

2023-07-17 16:40:09 - [MESSAGE][INFO] - Detected NodeJS location: "C:\Program Files\nodejs\node.exe"

2023-07-17 16:40:10 - [MESSAGE][INFO] - Appium server started on port 60,108

2023-07-17 16:40:16 - [MESSAGE][PASSED] - Started app at: 'C:\Users\zaena\Desktop\Calculator_v8.1.apk'

2023-07-17 16:40:16 - [TEST_STEP][PASSED] - tap(findTestObject("Object Repository/Main Calc Button/android.widget.Button - 1"), 0): Tapped on element 'Object Repository/Main Calc Button/android.widget.Button - 1'

2023-07-17 16:40:16 - [MESSAGE][WARNING] - Timeout '0' is invalid. Using default page load timeout: '30'

2023-07-17 16:40:27 - [MESSAGE][PASSED] - Tapped on element 'Object Repository/Main Calc Button/android.widget.Button - 1'

2023-07-17 16:40:27 - [TEST_STEP][PASSED] - tap(findTestObject("Main Calc Button/android.widget.Button - 0"), 0): Tapped on element 'Object Repository/Main Calc Button/android.widget.Button - 0'

2023-07-17 16:40:27 - [MESSAGE][WARNING] - Timeout '0' is invalid. Using default page load timeout: '30'

2023-07-17 16:40:37 - [MESSAGE][PASSED] - Tapped on element 'Object Repository/Main Calc Button/android.widget.Button - 0'

2023-07-17 16:40:37 - [TEST_STEP][PASSED] - tap(findTestObject("Main Calc Button/android.widget.Button - 0"), 0): Tapped on element 'Object Repository/Main Calc Button/android.widget.Button - 0'

2023-07-17 16:40:37 - [MESSAGE][WARNING] - Timeout '0' is invalid. Using default page load timeout: '30'

2023-07-17 16:40:47 - [MESSAGE][PASSED] - Tapped on element 'Object Repository/Main Calc Button/android.widget.Button - 0'

2023-07-17 16:40:47 - [TEST_STEP][PASSED] - tap(findTestObject("Main Calc Button/android.widget.Button - 0"), 0): Tapped on element 'Object Repository/Main Calc Button/android.widget.Button - 0'

2023-07-17 16:40:47 - [MESSAGE][WARNING] - Timeout '0' is invalid. Using default page load timeout: '30'

2023-07-17 16:40:57 - [MESSAGE][PASSED] - Tapped on element 'Object Repository/Main Calc Button/android.widget.Button - 0'

2023-07-17 16:40:57 - [TEST_STEP][PASSED] - tap(findTestObject("Main Calc Button/Button (Division)"), 0): Tapped on element 'Object Repository/Main Calc Button/Button (Division)'

2023-07-17 16:40:57 - [MESSAGE][WARNING] - Timeout '0' is invalid. Using default page load timeout: '30'

2023-07-17 16:41:07 - [MESSAGE][PASSED] - Tapped on element 'Object Repository/Main Calc Button/Button (Division)'

2023-07-17 16:41:07 - [TEST_STEP][PASSED] - tap(findTestObject("Object Repository/Main Calc Button/android.widget.Button - 5"), 0): Tapped on element 'Object Repository/Main Calc Button/android.widget.Button - 5'

2023-07-17 16:41:07 - [MESSAGE][WARNING] - Timeout '0' is invalid. Using default page load timeout: '30'

2023-07-17 16:41:17 - [MESSAGE][PASSED] - Tapped on element 'Object Repository/Main Calc Button/android.widget.Button - 5'

2023-07-17 16:41:17 - [TEST_STEP][PASSED] - tap(findTestObject("Object Repository/Main Calc Button/Button Result"), 0): Tapped on element 'Object Repository/Main Calc Button/Button Result'

2023-07-17 16:41:17 - [MESSAGE][WARNING] - Timeout '0' is invalid. Using default page load timeout: '30'

2023-07-17 16:41:28 - [MESSAGE][PASSED] - Tapped on element 'Object Repository/Main Calc Button/Button Result'

2023-07-17 16:41:28 - [TEST_STEP][PASSED] - closeApplication(): Close app successfully

2023-07-17 16:41:28 - [MESSAGE][PASSED] - Close app successfully]]></system-out>
         <system-err><![CDATA[]]></system-err>
      </testcase>
      <system-out><![CDATA[2023-07-17 16:33:35 - [TEST_SUITE][PASSED] - SC 01 - Basic Operations Int: Test Cases/SC01 - Basic Operations (int)/TC004 - Basic Operation - Division (Int)]]></system-out>
      <system-err><![CDATA[]]></system-err>
   </testsuite>
</testsuites>
